<?xml version="1.0" encoding="UTF-8"?>
<!-- Generated by org.testng.reporters.JUnitReportReporter -->
<testsuite hostname="Kedar" failures="0" tests="2" name="TestCases.OpenSite" time="30.913" errors="0" timestamp="2022-04-17T18:20:57 IST" skipped="0">
  <testcase classname="TestCases.OpenSite" name="setup" time="18.407"/>
  <system-out/>
  <testcase classname="TestCases.OpenSite" name="close" time="12.506"/>
  <system-out/>
</testsuite> <!-- TestCases.OpenSite -->
